12/26/2023 2:29:32 PM:
Started uploading files from: C:\xampp\htdocs\Donor
                          to: https://donorsoft.org/cmri/

Secret upload key configured in AppGini Preferences: Ok
Application URL specified in project properties > Security settings: Ok
curl is installed: Ok
Application URL is valid: Ok
'file-uploader.php' uploaded to your server: Ok
'file-uploader.php' is configured with the correct secret upload key: Ok

Retrieving md5 hashes of local files ...
12/26/2023 2:29:34 PM: Storing md5 hashes of local files to c:\xampp\htdocs\Donor\md5s.1073523.tmp
Executing cmd /c ""C:\Program Files (x86)\AppGini\md5sum.exe" -r "c:\xampp\htdocs\Donor" > "c:\xampp\htdocs\Donor\md5s.1073523.tmp.tmp" && copy "c:\xampp\htdocs\Donor\md5s.1073523.tmp.tmp" "c:\xampp\htdocs\Donor\md5s.1073523.tmp""
12/26/2023 2:31:35 PM: ERROR: couldn't write to temp file!

Checking remote file md5 hashes ...
Lines in remote response: 386

	AdminLTE.zip: fd6f40e6547d7860dae29db4fbf95b33
	Campaigns_autofill.php: 8c705f6ec97cc7c7a02581428285d056
	Campaigns_dml.php: 9c5e43db3a199b3b9de6c8e062b85d4f
	Campaigns_view.php: 36c080e00230edfea293f63fd9257b75
	Donations_autofill.php: d7c951b2841180a070127c7d7e0f171e
	Donations_dml.php: f6bdfceed71adf94ac72d303cbe9ad08
	Donations_view.php: 7bf501a703593f3e5cbae5837a54f1fa
	MatchingFunds_autofill.php: dffa972df46c0bb62eac8e39a0e3e4cd
	MatchingFunds_dml.php: 615ea0ddcde68ac0fe543b82ddb4f52b
	MatchingFunds_view.php: 0f348278fb1b43a5bf8a952b0cd54bf6
	Notes_autofill.php: ec5ab1d1019cbd32840750b83b272a57
	Notes_dml.php: b931e8b20ebb92a1240011baa08f6db6
	Notes_view.php: 77bb25ba66d4fb222de63899be18f662
	Supporters_autofill.php: 3f04abafe2e1dfa965ae23cdd1fcfda9
	Supporters_dml.php: a5166babdbafd319106854812bae2abc
	Supporters_view.php: afb2fe5f6a3ea0c9e44adc63095bfd2f
	admin: dir
	ajax-update-calculated-fields.php: 87f27ce237f549aa4b44e99ba2d01aa6
	ajax_admin_tools.php: f5de1e30e8fe5c4873b673862bbf20e3
	ajax_check_login.php: 88f0ef238c003ce30e84017a9904cbb8
	ajax_check_unique.php: 608b0bfc29522c2098d444035225d445
	ajax_combo.php: 40dab728b9c0d4bec6501c7420007b1b
	appginilte: dir
	appginilte_assign_new_owner.php: 9c001585f4cad06b042b5baf018d7d52
	appginilte_dash-builder.php: 6434653886bdaf6e9d4e0023071c1c82
	appginilte_dashboard.php: 94d1b7a46fd0c4ae6baed26bb4b0f97e
	appginilte_data_encryption.php: 10af62f7aa0a98136cca0008b9cc716b
	appginilte_dec_td.php: 2915c90e29d30cbdcbd04400a0777f52
	appginilte_defaultLang.php: 89a656c100f0efb8a06e5a26d3645860
	appginilte_file-upload.php: 645b61351e52c0ed7634d47c036d42ac
	appginilte_footer.php: cee88a525c2a52c04424c91776e50067
	appginilte_global-search.php: c2516e3c3e01d528b196957c44b86807
	appginilte_google.php: 628f54f4436af4ee6c2bfcda8203c381
	appginilte_group_admins.php: d471930b172052d55eb9cfcad66d870c
	appginilte_header.php: aeccfc6ff69313e53316448be2d0005d
	appginilte_install.php: ab2314de7d37882fcdbdd000567c78ba
	appginilte_language.php: 68690e1b7e117518c13f08cd8e449bdf
	appginilte_lockscreen.php: 41d42ad3643d6d5dceaf1b1642ee5588
	appginilte_login.php: 57fa80c9a2fc2b4882aac70f5b13e77c
	appginilte_microsoft.php: 66499fda5378b9eea30ada561b438d3e
	appginilte_otp.php: cc02ff3b8da2e6105f2866ac2513475b
	appginilte_page-builder.php: 424030f0097e583cf16d20fb9b8a51b2
	appginilte_page.php: 6806b333e3fec026318f644c926fb4bb
	appginilte_passwordreset.php: f8d41e1d6b892801c1283e5a005830e2
	appginilte_reCaptcha.php: 75f46e771bc6567bb0024d2cfdcf8b09
	appginilte_register.php: 45dc9ccf1fa2bb0fde70255f7c13b096
	appginilte_reportbuilder_ajax.php: 6f10a9e181576111ff5b1558dc9b77ff
	appginilte_reportsbuilder.php: cf120ac76f51c9a6153c4bfbf5dd98be
	appginilte_reportslist.php: 6109a7904df8b2219027f823bcba534f
	appginilte_reportview.php: a0450271757cbe83b50e0a05438e87ca
	appginilte_sessiontrack.php: a1804d413cdfb191477fbf0ff7d3d8ee
	appginilte_settings.php: 04213c69f64f9b3ad5701590cfc128cd
	appginilte_setup_totp.php: 30d75c3c2a12cbde3b67161a6b4b467a
	appginilte_switcher.php: 8734d76775b58b799be4375197f34ec8
	appginilte_table-views-builder.php: 2a6561b295f93eb771996507fe3939b3
	appginilte_thankyou.php: 4a7b906dc0a41abeac6b444f65777e06
	appginilte_totp.php: 958c340c45a44efd237e6780b2245d17
	appginilte_twitter.php: 2b14745c54bc35a8e403bfedea8d5f9c
	appginilte_user_area_permissions.php: 34c57b2fa171719a1228d9fa49ee7484
	appginilte_view.php: f81e813e3b6e98bf926f05884151dfba
	blank.gif: d3e941fe204d0a9cc5b92782bbf882c8
	checkMemberID.php: 1595bac4ee58cd0e624313b15ecdea96
	cli-update-calculated-fields.php: f24bc2b50169cab1a0b49cee4bf4b2f0
	common.js: 7f2cb04b0df80bfc7bda6fd3e2ec6fe4
	contact.php: 112e72b0faa1e11006d2fd69851d78e1
	datalist.php: e403c9b40908a3676ad4061599f73ad5
	db.php: ba957eb4034168abd1b95969b53c31df
	defaultFilters.php: 7028139ea8892bea46b6c2a8cadffdbd
	defaultLang.php: f371e14c14c66058f4125c04367a1edc
	definitions.php: c75886c99c583244dc6ab6d22601efa9
	donations_invoice.php: 21c03e8c4ee869638e0bdcdf2b19b424
	dynamic.css: 65da65a2d47870f6aed1027aa3a629c1
	footer.php: b5b13350be36c73ff34834598df41f1f
	handshake.svg: 9ab8389fa77ffa0568fd7117a491c44f
	header.php: f1da22b52bab461a4d108c9ef6acd5bf
	home.php: 02a3c491e391aacca6576269cc89370f
	hooks: dir
	images: dir
	import-csv: dir
	import-csv.php: aa5c3c8839bd60819635796048205765
	incCommon.php: e48464456d57681bf92c6edf51c77afb
	index.html: 985335b37876878a106f93c83496a128
	index.php: 05cbee73d8e8067339cf245b48b13214
	invoice.php: 8d85b59e19f5d9cad2fd37e96e707d01
	language.php: 5a3e5a15debfa8abd7798632aa3d3c68
	lib.php: fc1252d0a821b128469af4a2c129234d
	link.php: 47b8e9f925105375d4cf0c300011eb53
	loading.gif: cb081508c32b52bccacc59781ebbbb36
	login.php: f2692727d3ce963263f079075b8004c8
	logo.png: 09caee6e2337a676ef3d810c2b0d6e27
	membership_passwordReset.php: 1cc1c5b114ac5f2c1a64f753b3998669
	membership_profile.php: d5d6f759d2e534bb4b1497743f69adbf
	membership_signup.php: dc8dc0a7961f642f1c108aff48d47f44
	membership_thankyou.php: b24c10ac0d64af7a9ee418adef68cbb8
	nicEdit.js: e82d141af511b8fd032a4b9be8bbdb3b
	nicEditorIcons.gif: 814b0cbfa93e52bbd76e5b6a37338653
	parent-children.php: da82046d702ef70e263c268ebde2c3d6
	photo.gif: 96cd050a452e39801b4096745693161c
	register.php: 2b5e07c4a8e007c9cac6a34c35ec0442
	resources: dir
	settings-manager.php: b85771e103f61bbc7d11c18b937a3694
	setup.php: 06e1836cba36cd5abc2406c8b9296d7f
	shortcuts.js: 66340bb8d4bb569aed9687bdbfe8cca3
	table.gif: 742bde42c832e3bf64f1a2abfa122f49
	templates: dir
	test_invoice.html: 39c7c75ec6995872c880255b416ab877
	thumbnail.php: b3b02b42555c913705df9d3e154bf2d3
	updateDB.php: cf1299baf5f4ee464aae87b8b680ce69
	upload.log: 8ce483addf92737120701779ed4991a4
	admin\adminStyles.css: 805d8ad9c34efe062621d6b6a2412ef2
	admin\ajax-maintenance-mode.php: 7df587f51acb055d5e670c3ed131c56f
	admin\ajax-saved-sql.php: 76123d627897eaf552a3da94ca43b7b6
	admin\ajax-sql.php: bf5e4cd9a24db390ce647e3fc28a7f5f
	admin\app-documentation.php: 8260c13eecff79b7ababaca6f11882a3
	admin\appginilte_otp.php: cb8db1efaed51fce9c2908879a2e82ac
	admin\getUsers.php: cd51d991308d24d778aa67a5c8040353
	admin\images: dir
	admin\incCommon.php: 192171dcbba3419d1f4470dc92cdbadc
	admin\incFooter.php: 91e01a0119fea165f11e98667ed70477
	admin\incFunctions.php: 81a7c0e698153890457ad9941fc1f0b7
	admin\incHeader.php: 2e79022f26c767c1e61cab81f0f3f6a8
	admin\index.php: 68ef39cd512ed1f59c5207e60522a23d
	admin\pageAssignOwners.php: b4dc6bc64d32dd1853a278195a5b533b
	admin\pageBackupRestore.php: 0eeeea25c4827f28798a59ca71d98110
	admin\pageChangeMemberStatus.php: 4045d91effb5e6ed23be892492c1f102
	admin\pageDeleteGroup.php: 1f5d1408e71a15413aa11657363a08e8
	admin\pageDeleteMember.php: d6eaeb2eb7fc18472d8b857d4c6e9462
	admin\pageDeleteRecord.php: 817cf7e6f5d4ea82c446393f62942362
	admin\pageEditGroup.php: 417c9339c09e30d89d15e4334482d9cc
	admin\pageEditMember.php: 9824f6b6da7fadb960db277f876e0eb3
	admin\pageEditMemberPermissions.php: bcb47b73ef45e3aef396b85a37e59156
	admin\pageEditOwnership.php: 686bfef587a31054b4baf93b46ac5008
	admin\pageHome.php: 73cfe6192bc5632a86d8e778fde6d0dd
	admin\pageInstallPlugin.php: 0ff3c5d9ea8a29b045d6a20e81166173
	admin\pageMail.php: 0d88950cbc2ab41638d1bccec1b38b92
	admin\pagePrintRecord.php: 969de92510c6172248b0511b85c0c497
	admin\pageQueryLogs.php: 4a6f7a987cc7a1e5aa6fda4c363c3f97
	admin\pageRebuildFields.php: 08f859f88a4e03e86248108f23e1c47b
	admin\pageRebuildThumbnails.php: f42aecc21ad68ff8dedbefda8a520220
	admin\pageSQL.js: 8174319679fd7af67be1eb41bfe3a29e
	admin\pageSQL.php: 326fc666304f70611cc4bd52ed24de31
	admin\pageSender.php: 97533686358202a70a649de57da9ad0f
	admin\pageServerStatus.php: 29cdf0b560186222baa3a755573c06ff
	admin\pageSettings.php: 673183b1bb121e97ba3d2dc86454297b
	admin\pageTransferOwnership.php: 14c750f2adcaeff4b2fa816e5116eda9
	admin\pageTranslation.php: 68bac2b6072dd402bca1ac85b00e18b2
	admin\pageUpdateCalculatedFields.php: 73e6aec6f25f118b790a509945e0d3bb
	admin\pageUploadCSV.php: 17f717824cd70ebeefeeb5b887703c9b
	admin\pageViewGroups.php: 6712c5da262fe8416e8ba4db45c8afb7
	admin\pageViewMembers.php: 2f3243b87c468468ce2fcb4a546cfc6a
	admin\pageViewRecords.php: c616abbb0ede6d8b6e2f498071928616
	admin\toolTipData.js: 56d311f00509c82821e7ea23ba0c8560
	admin\toolTips.js: 472554a9d175c12018e3a1d5343f60e5
	admin\images\approve_icon.gif: c037df4dedd61b4b5d77517d05de2020
	admin\images\data_icon.gif: fb700fe8af24c94f8f917a4402e9b303
	admin\images\helpBg.gif: fa5cbc278f7c8073f2066364748516ed
	admin\images\index.html: 888ceb5cb76adba60e7c4a255964143e
	admin\images\member_icon.gif: bab78591fa8cb08bd1ae2cc900d2dda2
	admin\images\members_icon.gif: ebe15480f259b61c5d4efb99d1a8302d
	admin\images\stop_icon.gif: 419471d9837f2c66e9c5d2d805c7b910
	hooks\AppGiniHelper.min.js: ac3e8c1faafccb5c83e1f72f4b75ef7c
	hooks\Campaigns-tv.js: d3ff02b8d461056d6dd94a2181a5dba6
	hooks\Campaigns.php: 8b0cf12a939af93995c4a078b484549b
	hooks\Campaigns_filter.php: 714b11ed7da7e31ae9ef2ccb4d65352b
	hooks\Donations-dv.js: 9033119880ce635523a8d2e7135c5448
	hooks\Donations-tv.js: d3ff02b8d461056d6dd94a2181a5dba6
	hooks\Donations.php: c1f181307b6c67ab2683096fd39519f1
	hooks\Donations_filter.php: 02600de86f9e0c7392bb19ae827f9e82
	hooks\MatchingFunds-tv.js: d3ff02b8d461056d6dd94a2181a5dba6
	hooks\MatchingFunds.php: 3f4a0afc47fb43199ff98839ecef16fa
	hooks\Notes-tv.js: d3ff02b8d461056d6dd94a2181a5dba6
	hooks\Notes.php: 8f897a197d3d2ff783c2208933fcd774
	hooks\Notes_filter.php: 51131b1ab43e6059eab397039ebe90f1
	hooks\README.html: 9e3cd3b7860933470ad285da0a26f057
	hooks\SummaryReport.php: 3e9747344a83f549e2903753e2db8da3
	hooks\Supporters-dv.js: 5e4b0cf37d96ff26bc86a947029880f1
	hooks\Supporters-tv.js: d3ff02b8d461056d6dd94a2181a5dba6
	hooks\Supporters.php: 892f4736a5e454f13adf006930ca19ab
	hooks\Supporters_filter.php: fa125618bbd8bc45a2b96c8f3acd5850
	hooks\__global.php: a63bec90feacb37112d131342d99cffa
	hooks\appginilte_otp.php: 8d5810c1a7b4e90dcf3e921fa369d7aa
	hooks\footer-extras.php: 60bc62fb21806da97331bd2d4da75b25
	hooks\header-extras.php: cc95c3a305cc89250a21feceed15a296
	hooks\index.html: 888ceb5cb76adba60e7c4a255964143e
	hooks\invoice.php: d4853dcd79eb8859ca5c934c1e4045bc
	hooks\language-summary-reports.php: 02c0f3632eb8f3d0ba49ab96c475d081
	hooks\links-home.php: 06a2004171573bc3b873fe8e2304f1cd
	hooks\links-navmenu.php: 7f429e2118d697dc9bcd4637c60e451c
	hooks\summary-reports-Donations-0.php: ef706d427d87fc485989d80b5a955717
	hooks\summary-reports-list.php: 44da7aaf8c719a33244401f0326419b1
	hooks\summary_reports-logo-md.png: 4b093e3c6857e85b87016b2a491c24f7
	images\DonorSoft-logos.jpeg: 06b6af0010122d775c56604cd40ccbda
	images\blank.gif: d3e941fe204d0a9cc5b92782bbf882c8
	images\cmri.jpg: 954fd9f79722aa93ec25b14c345b31e5
	images\icon.png: 8186714ad0c173206a4e246dae1cb5a9
	images\index.html: 888ceb5cb76adba60e7c4a255964143e
	templates\Campaigns-ajax-cache.php: adb390d12b928a24625a9c188eb4ac87
	templates\Campaigns_templateDV.html: 4cd0d07401102ced6652c1a53e69986c
	templates\Campaigns_templateDVP.html: af206d25ea9bf6a56cc63e0348131f1c
	templates\Campaigns_templateTV.html: 734ecd1ca41266670d649d69eebb7e68
	templates\Campaigns_templateTVS.html: 99d6f7e484c152a90fcaf10cc8127c8a
	templates\Donations-ajax-cache.php: b7d0eb5ff6cd6cd6d9caa244bd471e62
	templates\Donations_templateDV.html: 9d712dce88f60a287bb9748e25c82f24
	templates\Donations_templateDVP.html: 4eb5ff71cbb49678b4149d92dc2db8ef
	templates\Donations_templateTV.html: dd8f387179ec6fdb9d732850b1dc6dc0
	templates\Donations_templateTVS.html: 0c5f403ec1d1d47ae0116f4feef04827
	templates\MatchingFunds-ajax-cache.php: 0f52d43d12cecfc72013f04da5b86e28
	templates\MatchingFunds_templateDV.html: 68574f183820c7dfd2aba3e4763595b0
	templates\MatchingFunds_templateDVP.html: 8807b9a4ed51b8a01f7f66e7f8c5fd98
	templates\MatchingFunds_templateTV.html: 14d11cf298dc20ed76c1988e6e71f777
	templates\MatchingFunds_templateTVS.html: a6f5afb36cef7277d8bb9576eaebcd75
	templates\Notes-ajax-cache.php: 6b81f02030597c06d7e3e84fc78d2698
	templates\Notes_templateDV.html: 4657f41dff88648a180b77d4bd6e3e1d
	templates\Notes_templateDVP.html: 7f65570b6baed66f9e74cd1395b66b68
	templates\Notes_templateTV.html: f2f46c81aa2f345a8bde50ea03175969
	templates\Notes_templateTVS.html: 24761595ac62685084aebd58963c70de
	templates\Supporters-ajax-cache.php: c89c77c2143ab8c80bb4bea91ee33953
	templates\Supporters_templateDV.html: 08e54ae937d31c7fdf3bdd1c94e14fb7
	templates\Supporters_templateDVP.html: fcbaffce35cc6da380d535b7a04bc2ff
	templates\Supporters_templateTV.html: 09b9cbabdbca42835867e18047a6d232
	templates\Supporters_templateTVS.html: 4ff69113b5b7567b5e56488f61c9b271
	templates\children-Campaigns-printable.php: 576ef1c6a77971de84e193eaf98ae78b
	templates\children-Campaigns.php: 722434f3b03698b881f314adb1f05e18
	templates\children-Donations-printable.php: a5787d21cf5ef428ce99618972820a01
	templates\children-Donations.php: 275248edd3a5bdc5d95bae020ae94c04
	templates\children-MatchingFunds-printable.php: 4767a869b76d8dc66feaefc8dad89397
	templates\children-MatchingFunds.php: 39d4e584d24dcc0e809c0e642f1615fe
	templates\children-Notes-printable.php: 5a410ef57f070140018ab3fe8dfc312a
	templates\children-Notes.php: 02288bdb9935b6bfe89ead78febced77
	templates\children-Supporters-printable.php: d688f48266ab1a7fcaa76ff91151f713
	templates\children-Supporters.php: d1bdf8ae1082ddedf547499958cd3ccc
	templates\index.html: 888ceb5cb76adba60e7c4a255964143e
	resources\bootstrap-datetimepicker: dir
	resources\chartist: dir
	resources\csv: dir
	resources\datepicker: dir
	resources\hotkeys: dir
	resources\images: dir
	resources\initializr: dir
	resources\jquery: dir
	resources\lib: dir
	resources\lightbox: dir
	resources\moment: dir
	resources\select2: dir
	resources\table_icons: dir
	resources\timepicker: dir
	resources\bootstrap-datetimepicker\bootstrap-datetimepicker.css: 0bca3d16b29eb93ae45901d13b5130f4
	resources\bootstrap-datetimepicker\bootstrap-datetimepicker.min.js: 8a36160a466cad1a9e414321f4784baf
	resources\bootstrap-datetimepicker\index.html: 888ceb5cb76adba60e7c4a255964143e
	resources\csv\index.html: 888ceb5cb76adba60e7c4a255964143e
	resources\csv\jquery.csv.min.js: 425763df11a2b603645d60e7f83485aa
	resources\datepicker\css: dir
	resources\datepicker\index.html: 888ceb5cb76adba60e7c4a255964143e
	resources\datepicker\js: dir
	resources\datepicker\media: dir
	resources\datepicker\css\datepicker.css: 928859e82098ae38ac1fea4c4de8415d
	resources\datepicker\css\index.html: 888ceb5cb76adba60e7c4a255964143e
	resources\datepicker\js\datepicker.js: 9cd38ce613c61d49a8cca51568b39c61
	resources\datepicker\js\datepicker.packed.js: 96c8cd7d7dc253087a9ac8bec25193dc
	resources\datepicker\js\index.html: 888ceb5cb76adba60e7c4a255964143e
	resources\datepicker\js\lang: dir
	resources\datepicker\js\lang\af.js: 3001de0dd0991f5d83621b48876ef15c
	resources\datepicker\js\lang\ar.js: 567c0600fd7b4226aa6c153c7cb3ca7b
	resources\datepicker\js\lang\de.js: 49d090d7fe282c81c1d91cecb94931b2
	resources\datepicker\js\lang\du.js: 4528c1bde81c669f8ddf00891373940d
	resources\datepicker\js\lang\en.js: 57c0709bfc476683317e2113e4d85710
	resources\datepicker\js\lang\es.js: 264821fa95beea33cc6b970cad31da97
	resources\datepicker\js\lang\fi.js: 270da8c56ea4d2ad4513341977e115bf
	resources\datepicker\js\lang\fr.js: be4f5c4a754334dad094c7cbab9afe52
	resources\datepicker\js\lang\gr.js: f8609a863e3ee1947e3c630145cf90e6
	resources\datepicker\js\lang\he.js: 0d3c58f7e1b188508173ac94192bd895
	resources\datepicker\js\lang\index.html: 888ceb5cb76adba60e7c4a255964143e
	resources\datepicker\js\lang\it.js: e5b1fcc10899f7b54aeb3d722b73cea5
	resources\datepicker\js\lang\nl.js: 4528c1bde81c669f8ddf00891373940d
	resources\datepicker\js\lang\no.js: 23d69a0a6b3dc3604cfbffce34cce6c4
	resources\datepicker\js\lang\pt.js: 4f29746cd4059a6e765601956bb9b019
	resources\datepicker\js\lang\ro.js: 4963885416611d0a37f34335851f7558
	resources\datepicker\js\lang\ru.js: 127672d1c4fb915eb16c3c958d19be41
	resources\datepicker\js\lang\sp.js: ace1cbeb12fb73bfaaf3e255add60940
	resources\datepicker\js\lang\sv.js: c4b294dca2aabc2b8bf6564cc97b9ecb
	resources\datepicker\js\lang\ua.js: d15659d9fea90e39ccdcf1b6c55eef4b
	resources\datepicker\media\backstripes.gif: 783e240ebc3c6733c924c3e8aa8ae26c
	resources\datepicker\media\bg_header.jpg: 76958714b002451273f5b43752d67f77
	resources\datepicker\media\bullet1.gif: bc222c095355c7750dd797a7b9b35245
	resources\datepicker\media\bullet2.gif: 12d034edb1f29bb9abb4383fa2a56889
	resources\datepicker\media\cal.gif: e05d8b00f8595743d3326c92cd6f2365
	resources\datepicker\media\gradient-e5e5e5-ffffff.gif: c2d770c748dd4c367904adb485ebb0f0
	resources\datepicker\media\index.html: 888ceb5cb76adba60e7c4a255964143e
	resources\hotkeys\index.html: 888ceb5cb76adba60e7c4a255964143e
	resources\hotkeys\jquery.hotkeys.js: fe222f0705e9d97ef3106c5f5b4ea89a
	resources\hotkeys\jquery.hotkeys.min.js: 1d389968f1ba79fdc4837b4d60c18f28
	resources\images\appgini-icon.png: 01735b896f79c2e101ff985ed08dbaeb
	resources\images\database.png: d227409c3d519b276945219da01a343e
	resources\images\index.html: 888ceb5cb76adba60e7c4a255964143e
	resources\images\keyboard-disabled.png: 50a9b05524e3d382f7869ee1a5efcb21
	resources\images\keyboard.png: b0869e3fe02ddbe61cb4b3ca8db3d3be
	resources\images\table_go.png: cf43d3939f613169c76318b1c41a5906
	resources\initializr\css: dir
	resources\initializr\fonts: dir
	resources\initializr\img: dir
	resources\initializr\index.html: 888ceb5cb76adba60e7c4a255964143e
	resources\initializr\js: dir
	resources\initializr\css\bootstrap-theme.css: 657abdbdf9f097a761efe7fda1e44884
	resources\initializr\css\index.html: 888ceb5cb76adba60e7c4a255964143e
	resources\initializr\css\rtl.css: af5acb5809400947890a7a14c9648527
	resources\initializr\css\sandstone.css: 45a32f6f53ce2b2f4f4d006b90494118
	resources\initializr\css\superhero.css: 41250e64ef34b749fdd93e216f0d2e68
	resources\initializr\fonts\DroidKufi-Bold.eot: da270dfc6adae884d4c9ac77766720ce
	resources\initializr\fonts\DroidKufi-Bold.svg: a97379177e4a8bdc7ade997aa63f7d4f
	resources\initializr\fonts\DroidKufi-Bold.ttf: 1b89eb34f74a02c0681727faadf48466
	resources\initializr\fonts\DroidKufi-Bold.woff: 1040258be731ef7842224457a9294231
	resources\initializr\fonts\DroidKufi-Bold.woff2: 8e4049672ca48fe19b60f931faab7924
	resources\initializr\fonts\DroidKufi-Regular.eot: fd8d5b98b9874e5acc6de2d2cbf1931b
	resources\initializr\fonts\DroidKufi-Regular.svg: d88b763664bd15ece1f1b4ce7493d653
	resources\initializr\fonts\DroidKufi-Regular.ttf: a9b030e29a35f523a137ee0175be419f
	resources\initializr\fonts\DroidKufi-Regular.woff: e22da300d90905754b7a097046d629bb
	resources\initializr\fonts\DroidKufi-Regular.woff2: 795e980df24d1bc634b265e18809535c
	resources\initializr\fonts\glyphicons-halflings-regular.eot: f4769f9bdb7466be65088239c12046d1
	resources\initializr\fonts\glyphicons-halflings-regular.svg: 89889688147bd7575d6327160d64e760
	resources\initializr\fonts\glyphicons-halflings-regular.ttf: e18bbf611f2a2e43afc071aa2f4e1512
	resources\initializr\fonts\glyphicons-halflings-regular.woff: fa2772327f55d8198301fdb8bcfc8158
	resources\initializr\fonts\glyphicons-halflings-regular.woff2: 448c34a56d699c29117adc64c43affeb
	resources\initializr\fonts\index.html: 888ceb5cb76adba60e7c4a255964143e
	resources\initializr\img\index.html: 888ceb5cb76adba60e7c4a255964143e
	resources\initializr\js\index.html: 888ceb5cb76adba60e7c4a255964143e
	resources\initializr\js\vendor: dir
	resources\initializr\js\vendor\bootstrap.min.js: 8c237312864d2e4c4f03544cd4f9b195
	resources\initializr\js\vendor\index.html: 888ceb5cb76adba60e7c4a255964143e
	resources\jquery\index.html: 888ceb5cb76adba60e7c4a255964143e
	resources\jquery\js: dir
	resources\jquery\js\index.html: 888ceb5cb76adba60e7c4a255964143e
	resources\jquery\js\jquery-3.5.1.min.js: dc5e7f18c8d36ac1d3d4753a87c98d0a
	resources\jquery\js\jquery.mark.min.js: 9bcdc7691fed8d06fdeabb2cd24736aa
	resources\lib\Authentication.php: 15a4ccec2eb477f9ac9b9debee20bc78
	resources\lib\CI_Input.php: f52a42967594b793e21bd35df096bd11
	resources\lib\CSVImport.php: 931ab9948d8a36e29e7142ce31e18d1f
	resources\lib\CSVImportUI.php: 5cb28885bc427553560c5aac4687469d
	resources\lib\Captcha.php: fa1b63a60a2d9aefb103ef62619fd712
	resources\lib\Combo.php: b29a540d71c5dc103475340d2f2a4417
	resources\lib\DataCombo.php: 6d6368768fefa53ade726d4b44a461a8
	resources\lib\DateCombo.php: 5617547c21b7b956b3b45eb3bfa4c241
	resources\lib\JWT.php: 7461bd5609145bcd1ed2ca43fbe586fb
	resources\lib\PHPMailer: dir
	resources\lib\RememberMe.php: b5b4f826f4d69926aab059a79f0bf417
	resources\lib\Request.php: 5fae0281699e21760c2eaec8e8878ac7
	resources\lib\UserFlags.php: eeed875b0bb660d6ed887667b7e4fe19
	resources\lib\WindowMessages.php: dceea5f54a369fac16b806913bc5af07
	resources\lib\index.html: 888ceb5cb76adba60e7c4a255964143e
	resources\lib\PHPMailer\PHPMailer: dir
	resources\lib\PHPMailer\PHPMailer\Exception.php: 38af48cfdcb5cd1c28e4b7ac63ee7999
	resources\lib\PHPMailer\PHPMailer\PHPMailer.php: 61d1b822d46d00db56eff3a91dd4194d
	resources\lib\PHPMailer\PHPMailer\SMTP.php: 56afb172eeb4227d5db562b875533bc7
	resources\lightbox\css: dir
	resources\lightbox\images: dir
	resources\lightbox\index.html: 888ceb5cb76adba60e7c4a255964143e
	resources\lightbox\js: dir
	resources\lightbox\css\index.html: 888ceb5cb76adba60e7c4a255964143e
	resources\lightbox\css\lightbox.css: 0d081434a9c5db42e7f8562d0ddb08b9
	resources\lightbox\images\close.png: d9d2d0b1308cb694aa8116915592e2a9
	resources\lightbox\images\index.html: 888ceb5cb76adba60e7c4a255964143e
	resources\lightbox\images\loading.gif: 2299ad0b3f63413f026dfec20c205b8f
	resources\lightbox\images\next.png: 31f15875975aab69085470aabbfec802
	resources\lightbox\images\prev.png: 84b76dee6b27b795e89e3649078a11c2
	resources\lightbox\js\effects.js: 0dea24894889a4c537e1a451a35f03ca
	resources\lightbox\js\index.html: 888ceb5cb76adba60e7c4a255964143e
	resources\lightbox\js\lightbox.min.js: db3e1524e9f2f1fba82a2ec46b9622e8
	resources\lightbox\js\prototype.js: 34171a46fc699bfb7d5d887b53bd530d
	resources\lightbox\js\scriptaculous.js: bb679d586e7fccb154156baaef9dfde5
	resources\moment\index.html: 888ceb5cb76adba60e7c4a255964143e
	resources\moment\moment-with-locales.min.js: d458b68730a7330653700489333a7837
	resources\select2\index.html: 888ceb5cb76adba60e7c4a255964143e
	resources\select2\select2-spinner.gif: 7b9776076d5fceef4993b55c9383dedd
	resources\select2\select2.css: 5a771359ac11c6b7f24fe0492b94de5a
	resources\select2\select2.min.js: 4def06ec51f3977106a00c71f14f21db
	resources\select2\select2.png: 37e9da90ccfc8db81639250831de46c1
	resources\select2\select2x2.png: 49e3f006018662f60f1db2aec0b2cca9
	resources\table_icons\32Px - 002.png: a7192ccd99d57a4a4fed8f630a1d92d1
	resources\table_icons\32Px - 125.png: 119059d369034d7f83eb843a490bc90b
	resources\table_icons\32Px - 289.png: 486811b226f940d8b0c026cbb7e60b52
	resources\table_icons\32Px - 385.png: 68cbd3110a3f6d9345b892734389ca79
	resources\table_icons\32Px - 396.png: 18b4e44d64157112cc9e4243604ea0b8
	resources\table_icons\administrator.png: bd8d3c7816d797093cff4288457919b4
	resources\table_icons\index.html: 888ceb5cb76adba60e7c4a255964143e
	resources\table_icons\license.txt: d399560d00746d7b1017d476b17c90e1
	resources\timepicker\bootstrap-timepicker.min.css: 3787a0b1d4b3ea86842ca16ecbb6159c
	resources\timepicker\bootstrap-timepicker.min.js: fc69c5083b8b23da8d5c2116e5527e4a
	resources\timepicker\index.html: 888ceb5cb76adba60e7c4a255964143e

Listing local files ...


Uploading changed files ...
Maintenance mode: On
Maintenance mode: Off

Finshed processing 0 files!  Uploaded: 0, Skipped: 0, Failed: 0
